Введите диапозон Х
Введите диапозон У
                               ****     |     ****                              
                            ***         |         ***                           
                         ***            |            ***                        
                       **               |               **                      
                    ***                 |                 ***                   
                  **                    |                    **                 
                **                      |                      **               
             ***                        |                        ***            
           **                           |                           **          
-------****-----------------------------|-----------------------------****------
   ****                                 |                                 ****  
***                                     |                                     **
                                        |                                       
                                        |                                       
                                        |                                       
                                        |                                       
                                        |                                       
                                        |                                       
                                        |                                       
                                        |                                       
