======================================================================
 1 * 1 = 1     | 2 * 1 = 2     | 3 * 1 = 3     |   4 * 1 = 4  
 1 * 2 = 2     | 2 * 2 = 4     | 3 * 2 = 6     |   4 * 2 = 8  
 1 * 3 = 3     | 2 * 3 = 6     | 3 * 3 = 9     |  4 * 3 = 12  
 1 * 4 = 4     | 2 * 4 = 8     | 3 * 4 = 12    |  4 * 4 = 16  
 1 * 5 = 5     | 2 * 5 = 10    | 3 * 5 = 15    |  4 * 5 = 20  
 1 * 6 = 6     | 2 * 6 = 12    | 3 * 6 = 18    |  4 * 6 = 24  
 1 * 7 = 7     | 2 * 7 = 14    | 3 * 7 = 21    |  4 * 7 = 28  
 1 * 8 = 8     | 2 * 8 = 16    | 3 * 8 = 24    |  4 * 8 = 32  
 1 * 9 = 9     | 2 * 9 = 18    | 3 * 9 = 27    |  4 * 9 = 36  
 1 * 10 = 10   | 2 * 10 = 20   | 3 * 10 = 30   |  4 * 10 = 40 
 1 * 11 = 11   | 2 * 11 = 22   | 3 * 11 = 33   |  4 * 11 = 44 
 1 * 12 = 12   | 2 * 12 = 24   | 3 * 12 = 36   |  4 * 12 = 48 
 1 * 13 = 13   | 2 * 13 = 26   | 3 * 13 = 39   |  4 * 13 = 52 
 1 * 14 = 14   | 2 * 14 = 28   | 3 * 14 = 42   |  4 * 14 = 56 
 1 * 15 = 15   | 2 * 15 = 30   | 3 * 15 = 45   |  4 * 15 = 60 
======================================================================
 5 * 1 = 5     | 6 * 1 = 6     | 7 * 1 = 7     |   8 * 1 = 8  
 5 * 2 = 10    | 6 * 2 = 12    | 7 * 2 = 14    |  8 * 2 = 16  
 5 * 3 = 15    | 6 * 3 = 18    | 7 * 3 = 21    |  8 * 3 = 24  
 5 * 4 = 20    | 6 * 4 = 24    | 7 * 4 = 28    |  8 * 4 = 32  
 5 * 5 = 25    | 6 * 5 = 30    | 7 * 5 = 35    |  8 * 5 = 40  
 5 * 6 = 30    | 6 * 6 = 36    | 7 * 6 = 42    |  8 * 6 = 48  
 5 * 7 = 35    | 6 * 7 = 42    | 7 * 7 = 49    |  8 * 7 = 56  
 5 * 8 = 40    | 6 * 8 = 48    | 7 * 8 = 56    |  8 * 8 = 64  
 5 * 9 = 45    | 6 * 9 = 54    | 7 * 9 = 63    |  8 * 9 = 72  
 5 * 10 = 50   | 6 * 10 = 60   | 7 * 10 = 70   |  8 * 10 = 80 
 5 * 11 = 55   | 6 * 11 = 66   | 7 * 11 = 77   |  8 * 11 = 88 
 5 * 12 = 60   | 6 * 12 = 72   | 7 * 12 = 84   |  8 * 12 = 96 
 5 * 13 = 65   | 6 * 13 = 78   | 7 * 13 = 91   | 8 * 13 = 104 
 5 * 14 = 70   | 6 * 14 = 84   | 7 * 14 = 98   | 8 * 14 = 112 
 5 * 15 = 75   | 6 * 15 = 90   | 7 * 15 = 105  | 8 * 15 = 120 
======================================================================
 9 * 1 = 9     | 10 * 1 = 10   | 11 * 1 = 11   |  12 * 1 = 12 
 9 * 2 = 18    | 10 * 2 = 20   | 11 * 2 = 22   |  12 * 2 = 24 
 9 * 3 = 27    | 10 * 3 = 30   | 11 * 3 = 33   |  12 * 3 = 36 
 9 * 4 = 36    | 10 * 4 = 40   | 11 * 4 = 44   |  12 * 4 = 48 
 9 * 5 = 45    | 10 * 5 = 50   | 11 * 5 = 55   |  12 * 5 = 60 
 9 * 6 = 54    | 10 * 6 = 60   | 11 * 6 = 66   |  12 * 6 = 72 
 9 * 7 = 63    | 10 * 7 = 70   | 11 * 7 = 77   |  12 * 7 = 84 
 9 * 8 = 72    | 10 * 8 = 80   | 11 * 8 = 88   |  12 * 8 = 96 
 9 * 9 = 81    | 10 * 9 = 90   | 11 * 9 = 99   | 12 * 9 = 108 
 9 * 10 = 90   | 10 * 10 = 100 | 11 * 10 = 110 | 12 * 10 = 120
 9 * 11 = 99   | 10 * 11 = 110 | 11 * 11 = 121 | 12 * 11 = 132
 9 * 12 = 108  | 10 * 12 = 120 | 11 * 12 = 132 | 12 * 12 = 144
 9 * 13 = 117  | 10 * 13 = 130 | 11 * 13 = 143 | 12 * 13 = 156
 9 * 14 = 126  | 10 * 14 = 140 | 11 * 14 = 154 | 12 * 14 = 168
 9 * 15 = 135  | 10 * 15 = 150 | 11 * 15 = 165 | 12 * 15 = 180
======================================================================
 13 * 1 = 13   | 14 * 1 = 14   |  15 * 1 = 15 
 13 * 2 = 26   | 14 * 2 = 28   |  15 * 2 = 30 
 13 * 3 = 39   | 14 * 3 = 42   |  15 * 3 = 45 
 13 * 4 = 52   | 14 * 4 = 56   |  15 * 4 = 60 
 13 * 5 = 65   | 14 * 5 = 70   |  15 * 5 = 75 
 13 * 6 = 78   | 14 * 6 = 84   |  15 * 6 = 90 
 13 * 7 = 91   | 14 * 7 = 98   | 15 * 7 = 105 
 13 * 8 = 104  | 14 * 8 = 112  | 15 * 8 = 120 
 13 * 9 = 117  | 14 * 9 = 126  | 15 * 9 = 135 
 13 * 10 = 130 | 14 * 10 = 140 | 15 * 10 = 150
 13 * 11 = 143 | 14 * 11 = 154 | 15 * 11 = 165
 13 * 12 = 156 | 14 * 12 = 168 | 15 * 12 = 180
 13 * 13 = 169 | 14 * 13 = 182 | 15 * 13 = 195
 13 * 14 = 182 | 14 * 14 = 196 | 15 * 14 = 210
 13 * 15 = 195 | 14 * 15 = 210 | 15 * 15 = 225
======================================================================
