===========================================================================
 1 * 1 = 1     | 2 * 1 = 2     | 3 * 1 = 3     | 4 * 1 = 4     |   5 * 1 = 5  
 1 * 2 = 2     | 2 * 2 = 4     | 3 * 2 = 6     | 4 * 2 = 8     |  5 * 2 = 10  
 1 * 3 = 3     | 2 * 3 = 6     | 3 * 3 = 9     | 4 * 3 = 12    |  5 * 3 = 15  
 1 * 4 = 4     | 2 * 4 = 8     | 3 * 4 = 12    | 4 * 4 = 16    |  5 * 4 = 20  
 1 * 5 = 5     | 2 * 5 = 10    | 3 * 5 = 15    | 4 * 5 = 20    |  5 * 5 = 25  
 1 * 6 = 6     | 2 * 6 = 12    | 3 * 6 = 18    | 4 * 6 = 24    |  5 * 6 = 30  
 1 * 7 = 7     | 2 * 7 = 14    | 3 * 7 = 21    | 4 * 7 = 28    |  5 * 7 = 35  
 1 * 8 = 8     | 2 * 8 = 16    | 3 * 8 = 24    | 4 * 8 = 32    |  5 * 8 = 40  
 1 * 9 = 9     | 2 * 9 = 18    | 3 * 9 = 27    | 4 * 9 = 36    |  5 * 9 = 45  
 1 * 10 = 10   | 2 * 10 = 20   | 3 * 10 = 30   | 4 * 10 = 40   |  5 * 10 = 50 
 1 * 11 = 11   | 2 * 11 = 22   | 3 * 11 = 33   | 4 * 11 = 44   |  5 * 11 = 55 
 1 * 12 = 12   | 2 * 12 = 24   | 3 * 12 = 36   | 4 * 12 = 48   |  5 * 12 = 60 
 1 * 13 = 13   | 2 * 13 = 26   | 3 * 13 = 39   | 4 * 13 = 52   |  5 * 13 = 65 
 1 * 14 = 14   | 2 * 14 = 28   | 3 * 14 = 42   | 4 * 14 = 56   |  5 * 14 = 70 
 1 * 15 = 15   | 2 * 15 = 30   | 3 * 15 = 45   | 4 * 15 = 60   |  5 * 15 = 75 
 1 * 16 = 16   | 2 * 16 = 32   | 3 * 16 = 48   | 4 * 16 = 64   |  5 * 16 = 80 
 1 * 17 = 17   | 2 * 17 = 34   | 3 * 17 = 51   | 4 * 17 = 68   |  5 * 17 = 85 
 1 * 18 = 18   | 2 * 18 = 36   | 3 * 18 = 54   | 4 * 18 = 72   |  5 * 18 = 90 
 1 * 19 = 19   | 2 * 19 = 38   | 3 * 19 = 57   | 4 * 19 = 76   |  5 * 19 = 95 
 1 * 20 = 20   | 2 * 20 = 40   | 3 * 20 = 60   | 4 * 20 = 80   | 5 * 20 = 100 
 1 * 21 = 21   | 2 * 21 = 42   | 3 * 21 = 63   | 4 * 21 = 84   | 5 * 21 = 105 
 1 * 22 = 22   | 2 * 22 = 44   | 3 * 22 = 66   | 4 * 22 = 88   | 5 * 22 = 110 
 1 * 23 = 23   | 2 * 23 = 46   | 3 * 23 = 69   | 4 * 23 = 92   | 5 * 23 = 115 
===========================================================================
 6 * 1 = 6     | 7 * 1 = 7     | 8 * 1 = 8     | 9 * 1 = 9     |  10 * 1 = 10 
 6 * 2 = 12    | 7 * 2 = 14    | 8 * 2 = 16    | 9 * 2 = 18    |  10 * 2 = 20 
 6 * 3 = 18    | 7 * 3 = 21    | 8 * 3 = 24    | 9 * 3 = 27    |  10 * 3 = 30 
 6 * 4 = 24    | 7 * 4 = 28    | 8 * 4 = 32    | 9 * 4 = 36    |  10 * 4 = 40 
 6 * 5 = 30    | 7 * 5 = 35    | 8 * 5 = 40    | 9 * 5 = 45    |  10 * 5 = 50 
 6 * 6 = 36    | 7 * 6 = 42    | 8 * 6 = 48    | 9 * 6 = 54    |  10 * 6 = 60 
 6 * 7 = 42    | 7 * 7 = 49    | 8 * 7 = 56    | 9 * 7 = 63    |  10 * 7 = 70 
 6 * 8 = 48    | 7 * 8 = 56    | 8 * 8 = 64    | 9 * 8 = 72    |  10 * 8 = 80 
 6 * 9 = 54    | 7 * 9 = 63    | 8 * 9 = 72    | 9 * 9 = 81    |  10 * 9 = 90 
 6 * 10 = 60   | 7 * 10 = 70   | 8 * 10 = 80   | 9 * 10 = 90   | 10 * 10 = 100
 6 * 11 = 66   | 7 * 11 = 77   | 8 * 11 = 88   | 9 * 11 = 99   | 10 * 11 = 110
 6 * 12 = 72   | 7 * 12 = 84   | 8 * 12 = 96   | 9 * 12 = 108  | 10 * 12 = 120
 6 * 13 = 78   | 7 * 13 = 91   | 8 * 13 = 104  | 9 * 13 = 117  | 10 * 13 = 130
 6 * 14 = 84   | 7 * 14 = 98   | 8 * 14 = 112  | 9 * 14 = 126  | 10 * 14 = 140
 6 * 15 = 90   | 7 * 15 = 105  | 8 * 15 = 120  | 9 * 15 = 135  | 10 * 15 = 150
 6 * 16 = 96   | 7 * 16 = 112  | 8 * 16 = 128  | 9 * 16 = 144  | 10 * 16 = 160
 6 * 17 = 102  | 7 * 17 = 119  | 8 * 17 = 136  | 9 * 17 = 153  | 10 * 17 = 170
 6 * 18 = 108  | 7 * 18 = 126  | 8 * 18 = 144  | 9 * 18 = 162  | 10 * 18 = 180
 6 * 19 = 114  | 7 * 19 = 133  | 8 * 19 = 152  | 9 * 19 = 171  | 10 * 19 = 190
 6 * 20 = 120  | 7 * 20 = 140  | 8 * 20 = 160  | 9 * 20 = 180  | 10 * 20 = 200
 6 * 21 = 126  | 7 * 21 = 147  | 8 * 21 = 168  | 9 * 21 = 189  | 10 * 21 = 210
 6 * 22 = 132  | 7 * 22 = 154  | 8 * 22 = 176  | 9 * 22 = 198  | 10 * 22 = 220
 6 * 23 = 138  | 7 * 23 = 161  | 8 * 23 = 184  | 9 * 23 = 207  | 10 * 23 = 230
===========================================================================
 11 * 1 = 11   | 12 * 1 = 12   | 13 * 1 = 13   | 14 * 1 = 14   |  15 * 1 = 15 
 11 * 2 = 22   | 12 * 2 = 24   | 13 * 2 = 26   | 14 * 2 = 28   |  15 * 2 = 30 
 11 * 3 = 33   | 12 * 3 = 36   | 13 * 3 = 39   | 14 * 3 = 42   |  15 * 3 = 45 
 11 * 4 = 44   | 12 * 4 = 48   | 13 * 4 = 52   | 14 * 4 = 56   |  15 * 4 = 60 
 11 * 5 = 55   | 12 * 5 = 60   | 13 * 5 = 65   | 14 * 5 = 70   |  15 * 5 = 75 
 11 * 6 = 66   | 12 * 6 = 72   | 13 * 6 = 78   | 14 * 6 = 84   |  15 * 6 = 90 
 11 * 7 = 77   | 12 * 7 = 84   | 13 * 7 = 91   | 14 * 7 = 98   | 15 * 7 = 105 
 11 * 8 = 88   | 12 * 8 = 96   | 13 * 8 = 104  | 14 * 8 = 112  | 15 * 8 = 120 
 11 * 9 = 99   | 12 * 9 = 108  | 13 * 9 = 117  | 14 * 9 = 126  | 15 * 9 = 135 
 11 * 10 = 110 | 12 * 10 = 120 | 13 * 10 = 130 | 14 * 10 = 140 | 15 * 10 = 150
 11 * 11 = 121 | 12 * 11 = 132 | 13 * 11 = 143 | 14 * 11 = 154 | 15 * 11 = 165
 11 * 12 = 132 | 12 * 12 = 144 | 13 * 12 = 156 | 14 * 12 = 168 | 15 * 12 = 180
 11 * 13 = 143 | 12 * 13 = 156 | 13 * 13 = 169 | 14 * 13 = 182 | 15 * 13 = 195
 11 * 14 = 154 | 12 * 14 = 168 | 13 * 14 = 182 | 14 * 14 = 196 | 15 * 14 = 210
 11 * 15 = 165 | 12 * 15 = 180 | 13 * 15 = 195 | 14 * 15 = 210 | 15 * 15 = 225
 11 * 16 = 176 | 12 * 16 = 192 | 13 * 16 = 208 | 14 * 16 = 224 | 15 * 16 = 240
 11 * 17 = 187 | 12 * 17 = 204 | 13 * 17 = 221 | 14 * 17 = 238 | 15 * 17 = 255
 11 * 18 = 198 | 12 * 18 = 216 | 13 * 18 = 234 | 14 * 18 = 252 | 15 * 18 = 270
 11 * 19 = 209 | 12 * 19 = 228 | 13 * 19 = 247 | 14 * 19 = 266 | 15 * 19 = 285
 11 * 20 = 220 | 12 * 20 = 240 | 13 * 20 = 260 | 14 * 20 = 280 | 15 * 20 = 300
 11 * 21 = 231 | 12 * 21 = 252 | 13 * 21 = 273 | 14 * 21 = 294 | 15 * 21 = 315
 11 * 22 = 242 | 12 * 22 = 264 | 13 * 22 = 286 | 14 * 22 = 308 | 15 * 22 = 330
 11 * 23 = 253 | 12 * 23 = 276 | 13 * 23 = 299 | 14 * 23 = 322 | 15 * 23 = 345
===========================================================================
 16 * 1 = 16   | 17 * 1 = 17   | 18 * 1 = 18   | 19 * 1 = 19   |  20 * 1 = 20 
 16 * 2 = 32   | 17 * 2 = 34   | 18 * 2 = 36   | 19 * 2 = 38   |  20 * 2 = 40 
 16 * 3 = 48   | 17 * 3 = 51   | 18 * 3 = 54   | 19 * 3 = 57   |  20 * 3 = 60 
 16 * 4 = 64   | 17 * 4 = 68   | 18 * 4 = 72   | 19 * 4 = 76   |  20 * 4 = 80 
 16 * 5 = 80   | 17 * 5 = 85   | 18 * 5 = 90   | 19 * 5 = 95   | 20 * 5 = 100 
 16 * 6 = 96   | 17 * 6 = 102  | 18 * 6 = 108  | 19 * 6 = 114  | 20 * 6 = 120 
 16 * 7 = 112  | 17 * 7 = 119  | 18 * 7 = 126  | 19 * 7 = 133  | 20 * 7 = 140 
 16 * 8 = 128  | 17 * 8 = 136  | 18 * 8 = 144  | 19 * 8 = 152  | 20 * 8 = 160 
 16 * 9 = 144  | 17 * 9 = 153  | 18 * 9 = 162  | 19 * 9 = 171  | 20 * 9 = 180 
 16 * 10 = 160 | 17 * 10 = 170 | 18 * 10 = 180 | 19 * 10 = 190 | 20 * 10 = 200
 16 * 11 = 176 | 17 * 11 = 187 | 18 * 11 = 198 | 19 * 11 = 209 | 20 * 11 = 220
 16 * 12 = 192 | 17 * 12 = 204 | 18 * 12 = 216 | 19 * 12 = 228 | 20 * 12 = 240
 16 * 13 = 208 | 17 * 13 = 221 | 18 * 13 = 234 | 19 * 13 = 247 | 20 * 13 = 260
 16 * 14 = 224 | 17 * 14 = 238 | 18 * 14 = 252 | 19 * 14 = 266 | 20 * 14 = 280
 16 * 15 = 240 | 17 * 15 = 255 | 18 * 15 = 270 | 19 * 15 = 285 | 20 * 15 = 300
 16 * 16 = 256 | 17 * 16 = 272 | 18 * 16 = 288 | 19 * 16 = 304 | 20 * 16 = 320
 16 * 17 = 272 | 17 * 17 = 289 | 18 * 17 = 306 | 19 * 17 = 323 | 20 * 17 = 340
 16 * 18 = 288 | 17 * 18 = 306 | 18 * 18 = 324 | 19 * 18 = 342 | 20 * 18 = 360
 16 * 19 = 304 | 17 * 19 = 323 | 18 * 19 = 342 | 19 * 19 = 361 | 20 * 19 = 380
 16 * 20 = 320 | 17 * 20 = 340 | 18 * 20 = 360 | 19 * 20 = 380 | 20 * 20 = 400
 16 * 21 = 336 | 17 * 21 = 357 | 18 * 21 = 378 | 19 * 21 = 399 | 20 * 21 = 420
 16 * 22 = 352 | 17 * 22 = 374 | 18 * 22 = 396 | 19 * 22 = 418 | 20 * 22 = 440
 16 * 23 = 368 | 17 * 23 = 391 | 18 * 23 = 414 | 19 * 23 = 437 | 20 * 23 = 460
===========================================================================
 21 * 1 = 21   | 22 * 1 = 22   |  23 * 1 = 23 
 21 * 2 = 42   | 22 * 2 = 44   |  23 * 2 = 46 
 21 * 3 = 63   | 22 * 3 = 66   |  23 * 3 = 69 
 21 * 4 = 84   | 22 * 4 = 88   |  23 * 4 = 92 
 21 * 5 = 105  | 22 * 5 = 110  | 23 * 5 = 115 
 21 * 6 = 126  | 22 * 6 = 132  | 23 * 6 = 138 
 21 * 7 = 147  | 22 * 7 = 154  | 23 * 7 = 161 
 21 * 8 = 168  | 22 * 8 = 176  | 23 * 8 = 184 
 21 * 9 = 189  | 22 * 9 = 198  | 23 * 9 = 207 
 21 * 10 = 210 | 22 * 10 = 220 | 23 * 10 = 230
 21 * 11 = 231 | 22 * 11 = 242 | 23 * 11 = 253
 21 * 12 = 252 | 22 * 12 = 264 | 23 * 12 = 276
 21 * 13 = 273 | 22 * 13 = 286 | 23 * 13 = 299
 21 * 14 = 294 | 22 * 14 = 308 | 23 * 14 = 322
 21 * 15 = 315 | 22 * 15 = 330 | 23 * 15 = 345
 21 * 16 = 336 | 22 * 16 = 352 | 23 * 16 = 368
 21 * 17 = 357 | 22 * 17 = 374 | 23 * 17 = 391
 21 * 18 = 378 | 22 * 18 = 396 | 23 * 18 = 414
 21 * 19 = 399 | 22 * 19 = 418 | 23 * 19 = 437
 21 * 20 = 420 | 22 * 20 = 440 | 23 * 20 = 460
 21 * 21 = 441 | 22 * 21 = 462 | 23 * 21 = 483
 21 * 22 = 462 | 22 * 22 = 484 | 23 * 22 = 506
 21 * 23 = 483 | 22 * 23 = 506 | 23 * 23 = 529
===========================================================================
